[[1;34mINFO[m] Scanning for projects...
[[1;34mINFO[m] 
[[1;34mINFO[m] [1m------------< [0;36mcom.automationtest:serenity-saucedemo-tests[0;1m >-------------[m
[[1;34mINFO[m] [1mBuilding Serenity BDD Saucedemo E2E Tests 1.0.0[m
[[1;34mINFO[m] [1m--------------------------------[ jar ]---------------------------------[m
[[1;34mINFO[m] 
[[1;34mINFO[m] [1m--- [0;32mmaven-resources-plugin:2.6:resources[m [1m(default-resources)[m @ [36mserenity-saucedemo-tests[0;1m ---[m
[[1;34mINFO[m] Using 'UTF-8' encoding to copy filtered resources.
[[1;34mINFO[m] skip non existing resourceDirectory /home/javiandriu/Documentos/Cursos/Serenity BDD/SerenityBDD_SaucedemoLab_E2E_Testing/src/main/resources
[[1;34mINFO[m] 
[[1;34mINFO[m] [1m--- [0;32mmaven-compiler-plugin:3.11.0:compile[m [1m(default-compile)[m @ [36mserenity-saucedemo-tests[0;1m ---[m
[[1;34mINFO[m] Nothing to compile - all classes are up to date
[[1;34mINFO[m] 
[[1;34mINFO[m] [1m--- [0;32mmaven-resources-plugin:2.6:testResources[m [1m(default-testResources)[m @ [36mserenity-saucedemo-tests[0;1m ---[m
[[1;34mINFO[m] Using 'UTF-8' encoding to copy filtered resources.
[[1;34mINFO[m] Copying 4 resources
[[1;34mINFO[m] 
[[1;34mINFO[m] [1m--- [0;32mmaven-compiler-plugin:3.11.0:testCompile[m [1m(default-testCompile)[m @ [36mserenity-saucedemo-tests[0;1m ---[m
[[1;34mINFO[m] Changes detected - recompiling the module! :source
[[1;34mINFO[m] Compiling 3 source files with javac [debug target 11] to target/test-classes
[[1;33mWARNING[m] system modules path not set in conjunction with -source 11
[[1;34mINFO[m] 
[[1;34mINFO[m] [1m--- [0;32mmaven-surefire-plugin:3.1.2:test[m [1m(default-test)[m @ [36mserenity-saucedemo-tests[0;1m ---[m
[[1;34mINFO[m] Using auto detected provider org.apache.maven.surefire.junit4.JUnit4Provider
Downloading from central: https://repo.maven.apache.org/maven2/org/apache/maven/surefire/surefire-junit4/3.1.2/surefire-junit4-3.1.2.pom
Progress (1): 3.0 kB                    Downloaded from central: https://repo.maven.apache.org/maven2/org/apache/maven/surefire/surefire-junit4/3.1.2/surefire-junit4-3.1.2.pom (3.0 kB at 2.8 kB/s)
Downloading from central: https://repo.maven.apache.org/maven2/org/apache/maven/surefire/common-junit4/3.1.2/common-junit4-3.1.2.pom
Progress (1): 3.1 kB                    Downloaded from central: https://repo.maven.apache.org/maven2/org/apache/maven/surefire/common-junit4/3.1.2/common-junit4-3.1.2.pom (3.1 kB at 11 kB/s)
Downloading from central: https://repo.maven.apache.org/maven2/org/apache/maven/surefire/common-junit3/3.1.2/common-junit3-3.1.2.pom
Progress (1): 2.8 kB                    Downloaded from central: https://repo.maven.apache.org/maven2/org/apache/maven/surefire/common-junit3/3.1.2/common-junit3-3.1.2.pom (2.8 kB at 9.9 kB/s)
Downloading from central: https://repo.maven.apache.org/maven2/org/apache/maven/surefire/surefire-junit4/3.1.2/surefire-junit4-3.1.2.jar
Downloading from central: https://repo.maven.apache.org/maven2/org/apache/maven/surefire/common-junit4/3.1.2/common-junit4-3.1.2.jar
Downloading from central: https://repo.maven.apache.org/maven2/org/apache/maven/surefire/common-junit3/3.1.2/common-junit3-3.1.2.jar
Progress (1): 2.3/26 kBProgress (1): 5.0/26 kBProgress (1): 7.8/26 kBProgress (1): 11/26 kB Progress (1): 13/26 kBProgress (1): 16/26 kBProgress (1): 19/26 kBProgress (1): 21/26 kBProgress (1): 24/26 kBProgress (1): 26 kB   Progress (2): 26 kB | 2.3/18 kBProgress (2): 26 kB | 5.0/18 kBProgress (2): 26 kB | 7.8/18 kBProgress (2): 26 kB | 11/18 kB Progress (2): 26 kB | 13/18 kBProgress (2): 26 kB | 16/18 kBProgress (2): 26 kB | 18 kB                              Downloaded from central: https://repo.maven.apache.org/maven2/org/apache/maven/surefire/common-junit4/3.1.2/common-junit4-3.1.2.jar (26 kB at 113 kB/s)
Downloaded from central: https://repo.maven.apache.org/maven2/org/apache/maven/surefire/surefire-junit4/3.1.2/surefire-junit4-3.1.2.jar (18 kB at 58 kB/s)
Progress (1): 2.3/12 kBProgress (1): 5.0/12 kBProgress (1): 7.8/12 kBProgress (1): 11/12 kB Progress (1): 12 kB                      Downloaded from central: https://repo.maven.apache.org/maven2/org/apache/maven/surefire/common-junit3/3.1.2/common-junit3-3.1.2.jar (12 kB at 24 kB/s)
[[1;34mINFO[m] 
[[1;34mINFO[m] -------------------------------------------------------
[[1;34mINFO[m]  T E S T S
[[1;34mINFO[m] -------------------------------------------------------
[[1;34mINFO[m] Running automationtest.runners.[1mSaucedemoTestRunner[m
[[1;31mERROR[m] [1;31mTests [0;1mrun: [0;1m1[m, Failures: 0, [1;31mErrors: [0;1;31m1[m, Skipped: 0, Time elapsed: 0.184 s[1;31m <<< FAILURE![m -- in automationtest.runners.[1mSaucedemoTestRunner[m
[[1;31mERROR[m] automationtest.runners.SaucedemoTestRunner.initializationError -- Time elapsed: 0.007 s <<< ERROR!
io.cucumber.core.gherkin.FeatureParserException: 
Failed to parse resource at: file:///home/javiandriu/Documentos/Cursos/Serenity%20BDD/SerenityBDD_SaucedemoLab_E2E_Testing/src/test/resources/features/saucedemo.feature
(2:1): expected: #TagLine, #FeatureLine, #Comment, #Empty, got 'Feature: Purchase flow in SauceDemo'
(3:3): expected: #TagLine, #FeatureLine, #Comment, #Empty, got 'As an user'
(4:3): expected: #TagLine, #FeatureLine, #Comment, #Empty, got 'I want to be able to log in, add products to the cart, and complete a purchase'
(5:3): expected: #TagLine, #FeatureLine, #Comment, #Empty, got 'So that I can verify the checkout process works correctly'
(8:3): expected: #TagLine, #FeatureLine, #Comment, #Empty, got 'Scenario Outline: Successful purchase flow'
(9:5): expected: #TagLine, #FeatureLine, #Comment, #Empty, got 'Given the user logs in with valid credentials username '<username>' and password '<password>''
(10:5): expected: #TagLine, #FeatureLine, #Comment, #Empty, got 'When the user adds products to the cart and proceeds to checkout'
(11:5): expected: #TagLine, #FeatureLine, #Comment, #Empty, got 'And fills in the required checkout information'
(12:5): expected: #TagLine, #FeatureLine, #Comment, #Empty, got 'Then the user should see the order overview and complete the purchase'
(13:5): expected: #TagLine, #FeatureLine, #Comment, #Empty, got 'And the confirmation message "Thank you for your order!" should be displayed'
(15:5): expected: #TagLine, #FeatureLine, #Comment, #Empty, got 'Examples:'
	at io.cucumber.core.gherkin.messages.GherkinMessagesFeatureParser.parse(GherkinMessagesFeatureParser.java:56)
	at io.cucumber.core.feature.FeatureParser.parseResource(FeatureParser.java:46)
	at java.base/java.util.function.BiFunction.lambda$andThen$0(BiFunction.java:70)
	at io.cucumber.core.resource.ResourceScanner.lambda$processResource$1(ResourceScanner.java:79)
	at io.cucumber.core.resource.PathScanner$ResourceFileVisitor.visitFile(PathScanner.java:75)
	at io.cucumber.core.resource.PathScanner$ResourceFileVisitor.visitFile(PathScanner.java:60)
	at java.base/java.nio.file.Files.walkFileTree(Files.java:2799)
	at io.cucumber.core.resource.PathScanner.findResourcesForPath(PathScanner.java:53)
	at io.cucumber.core.resource.PathScanner.findResourcesForUri(PathScanner.java:31)
	at io.cucumber.core.resource.ResourceScanner.findResourcesForUri(ResourceScanner.java:61)
	at io.cucumber.core.resource.ResourceScanner.scanForResourcesUri(ResourceScanner.java:134)
	at io.cucumber.core.runtime.FeaturePathFeatureSupplier.loadFeatures(FeaturePathFeatureSupplier.java:62)
	at io.cucumber.core.runtime.FeaturePathFeatureSupplier.get(FeaturePathFeatureSupplier.java:45)
	at io.cucumber.junit.Cucumber.<init>(Cucumber.java:159)
	at java.base/jdk.internal.reflect.DirectConstructorHandleAccessor.newInstance(DirectConstructorHandleAccessor.java:62)
	at java.base/java.lang.reflect.Constructor.newInstanceWithCaller(Constructor.java:502)
	at java.base/java.lang.reflect.Constructor.newInstance(Constructor.java:486)
	at org.junit.internal.builders.AnnotatedBuilder.buildRunner(AnnotatedBuilder.java:104)
	at org.junit.internal.builders.AnnotatedBuilder.runnerForClass(AnnotatedBuilder.java:86)
	at org.junit.runners.model.RunnerBuilder.safeRunnerForClass(RunnerBuilder.java:70)
	at org.junit.internal.builders.AllDefaultPossibilitiesBuilder.runnerForClass(AllDefaultPossibilitiesBuilder.java:37)
	at org.junit.runners.model.RunnerBuilder.safeRunnerForClass(RunnerBuilder.java:70)
	at org.junit.internal.requests.ClassRequest.createRunner(ClassRequest.java:28)
	at org.junit.internal.requests.MemoizingRequest.getRunner(MemoizingRequest.java:19)
	at org.apache.maven.surefire.junit4.JUnit4Provider.execute(JUnit4Provider.java:314)
	at org.apache.maven.surefire.junit4.JUnit4Provider.executeWithRerun(JUnit4Provider.java:240)
	at org.apache.maven.surefire.junit4.JUnit4Provider.executeTestSet(JUnit4Provider.java:214)
	at org.apache.maven.surefire.junit4.JUnit4Provider.invoke(JUnit4Provider.java:155)
	at org.apache.maven.surefire.booter.ForkedBooter.runSuitesInProcess(ForkedBooter.java:385)
	at org.apache.maven.surefire.booter.ForkedBooter.execute(ForkedBooter.java:162)
	at org.apache.maven.surefire.booter.ForkedBooter.run(ForkedBooter.java:507)
	at org.apache.maven.surefire.booter.ForkedBooter.main(ForkedBooter.java:495)

[[1;34mINFO[m] Running automationtest.runners.[1mCucumberTestRunner[m
[[1;31mERROR[m] [1;31mTests [0;1mrun: [0;1m1[m, Failures: 0, [1;31mErrors: [0;1;31m1[m, Skipped: 0, Time elapsed: 0 s[1;31m <<< FAILURE![m -- in automationtest.runners.[1mCucumberTestRunner[m
[[1;31mERROR[m] automationtest.runners.CucumberTestRunner.initializationError -- Time elapsed: 0 s <<< ERROR!
io.cucumber.core.gherkin.FeatureParserException: 
Failed to parse resource at: file:///home/javiandriu/Documentos/Cursos/Serenity%20BDD/SerenityBDD_SaucedemoLab_E2E_Testing/src/test/resources/features/saucedemo.feature
(2:1): expected: #TagLine, #FeatureLine, #Comment, #Empty, got 'Feature: Purchase flow in SauceDemo'
(3:3): expected: #TagLine, #FeatureLine, #Comment, #Empty, got 'As an user'
(4:3): expected: #TagLine, #FeatureLine, #Comment, #Empty, got 'I want to be able to log in, add products to the cart, and complete a purchase'
(5:3): expected: #TagLine, #FeatureLine, #Comment, #Empty, got 'So that I can verify the checkout process works correctly'
(8:3): expected: #TagLine, #FeatureLine, #Comment, #Empty, got 'Scenario Outline: Successful purchase flow'
(9:5): expected: #TagLine, #FeatureLine, #Comment, #Empty, got 'Given the user logs in with valid credentials username '<username>' and password '<password>''
(10:5): expected: #TagLine, #FeatureLine, #Comment, #Empty, got 'When the user adds products to the cart and proceeds to checkout'
(11:5): expected: #TagLine, #FeatureLine, #Comment, #Empty, got 'And fills in the required checkout information'
(12:5): expected: #TagLine, #FeatureLine, #Comment, #Empty, got 'Then the user should see the order overview and complete the purchase'
(13:5): expected: #TagLine, #FeatureLine, #Comment, #Empty, got 'And the confirmation message "Thank you for your order!" should be displayed'
(15:5): expected: #TagLine, #FeatureLine, #Comment, #Empty, got 'Examples:'
	at io.cucumber.core.gherkin.messages.GherkinMessagesFeatureParser.parse(GherkinMessagesFeatureParser.java:56)
	at io.cucumber.core.feature.FeatureParser.parseResource(FeatureParser.java:46)
	at java.base/java.util.function.BiFunction.lambda$andThen$0(BiFunction.java:70)
	at io.cucumber.core.resource.ResourceScanner.lambda$processResource$1(ResourceScanner.java:79)
	at io.cucumber.core.resource.PathScanner$ResourceFileVisitor.visitFile(PathScanner.java:75)
	at io.cucumber.core.resource.PathScanner$ResourceFileVisitor.visitFile(PathScanner.java:60)
	at java.base/java.nio.file.Files.walkFileTree(Files.java:2799)
	at io.cucumber.core.resource.PathScanner.findResourcesForPath(PathScanner.java:53)
	at io.cucumber.core.resource.PathScanner.findResourcesForUri(PathScanner.java:31)
	at io.cucumber.core.resource.ResourceScanner.findResourcesForUri(ResourceScanner.java:61)
	at io.cucumber.core.resource.ResourceScanner.scanForResourcesUri(ResourceScanner.java:134)
	at io.cucumber.core.runtime.FeaturePathFeatureSupplier.loadFeatures(FeaturePathFeatureSupplier.java:62)
	at io.cucumber.core.runtime.FeaturePathFeatureSupplier.get(FeaturePathFeatureSupplier.java:45)
	at io.cucumber.junit.Cucumber.<init>(Cucumber.java:159)
	at java.base/jdk.internal.reflect.DirectConstructorHandleAccessor.newInstance(DirectConstructorHandleAccessor.java:62)
	at java.base/java.lang.reflect.Constructor.newInstanceWithCaller(Constructor.java:502)
	at java.base/java.lang.reflect.Constructor.newInstance(Constructor.java:486)
	at org.junit.internal.builders.AnnotatedBuilder.buildRunner(AnnotatedBuilder.java:104)
	at org.junit.internal.builders.AnnotatedBuilder.runnerForClass(AnnotatedBuilder.java:86)
	at org.junit.runners.model.RunnerBuilder.safeRunnerForClass(RunnerBuilder.java:70)
	at org.junit.internal.builders.AllDefaultPossibilitiesBuilder.runnerForClass(AllDefaultPossibilitiesBuilder.java:37)
	at org.junit.runners.model.RunnerBuilder.safeRunnerForClass(RunnerBuilder.java:70)
	at org.junit.internal.requests.ClassRequest.createRunner(ClassRequest.java:28)
	at org.junit.internal.requests.MemoizingRequest.getRunner(MemoizingRequest.java:19)
	at org.apache.maven.surefire.junit4.JUnit4Provider.execute(JUnit4Provider.java:314)
	at org.apache.maven.surefire.junit4.JUnit4Provider.executeWithRerun(JUnit4Provider.java:240)
	at org.apache.maven.surefire.junit4.JUnit4Provider.executeTestSet(JUnit4Provider.java:214)
	at org.apache.maven.surefire.junit4.JUnit4Provider.invoke(JUnit4Provider.java:155)
	at org.apache.maven.surefire.booter.ForkedBooter.runSuitesInProcess(ForkedBooter.java:385)
	at org.apache.maven.surefire.booter.ForkedBooter.execute(ForkedBooter.java:162)
	at org.apache.maven.surefire.booter.ForkedBooter.run(ForkedBooter.java:507)
	at org.apache.maven.surefire.booter.ForkedBooter.main(ForkedBooter.java:495)

[[1;34mINFO[m] 
[[1;34mINFO[m] Results:
[[1;34mINFO[m] 
[[1;31mERROR[m] [1;31mErrors: [m
[[1;31mERROR[m] [1;31m  CucumberTestRunner.initializationError Â» FeatureParser Failed to parse resource at: file:///home/javiandriu/Documentos/Cursos/Serenity%20BDD/SerenityBDD_SaucedemoLab_E2E_Testing/src/test/resources/features/saucedemo.feature
(2:1): expected: #TagLine, #FeatureLine, #Comment, #Empty, got 'Feature: Purchase flow in SauceDemo'
(3:3): expected: #TagLine, #FeatureLine, #Comment, #Empty, got 'As an user'
(4:3): expected: #TagLine, #FeatureLine, #Comment, #Empty, got 'I want to be able to log in, add products to the cart, and complete a purchase'
(5:3): expected: #TagLine, #FeatureLine, #Comment, #Empty, got 'So that I can verify the checkout process works correctly'
(8:3): expected: #TagLine, #FeatureLine, #Comment, #Empty, got 'Scenario Outline: Successful purchase flow'
(9:5): expected: #TagLine, #FeatureLine, #Comment, #Empty, got 'Given the user logs in with valid credentials username '<username>' and password '<password>''
(10:5): expected: #TagLine, #FeatureLine, #Comment, #Empty, got 'When the user adds products to the cart and proceeds to checkout'
(11:5): expected: #TagLine, #FeatureLine, #Comment, #Empty, got 'And fills in the required checkout information'
(12:5): expected: #TagLine, #FeatureLine, #Comment, #Empty, got 'Then the user should see the order overview and complete the purchase'
(13:5): expected: #TagLine, #FeatureLine, #Comment, #Empty, got 'And the confirmation message "Thank you for your order!" should be displayed'
(15:5): expected: #TagLine, #FeatureLine, #Comment, #Empty, got 'Examples:'[m
[[1;31mERROR[m] [1;31m  SaucedemoTestRunner.initializationError Â» FeatureParser Failed to parse resource at: file:///home/javiandriu/Documentos/Cursos/Serenity%20BDD/SerenityBDD_SaucedemoLab_E2E_Testing/src/test/resources/features/saucedemo.feature
(2:1): expected: #TagLine, #FeatureLine, #Comment, #Empty, got 'Feature: Purchase flow in SauceDemo'
(3:3): expected: #TagLine, #FeatureLine, #Comment, #Empty, got 'As an user'
(4:3): expected: #TagLine, #FeatureLine, #Comment, #Empty, got 'I want to be able to log in, add products to the cart, and complete a purchase'
(5:3): expected: #TagLine, #FeatureLine, #Comment, #Empty, got 'So that I can verify the checkout process works correctly'
(8:3): expected: #TagLine, #FeatureLine, #Comment, #Empty, got 'Scenario Outline: Successful purchase flow'
(9:5): expected: #TagLine, #FeatureLine, #Comment, #Empty, got 'Given the user logs in with valid credentials username '<username>' and password '<password>''
(10:5): expected: #TagLine, #FeatureLine, #Comment, #Empty, got 'When the user adds products to the cart and proceeds to checkout'
(11:5): expected: #TagLine, #FeatureLine, #Comment, #Empty, got 'And fills in the required checkout information'
(12:5): expected: #TagLine, #FeatureLine, #Comment, #Empty, got 'Then the user should see the order overview and complete the purchase'
(13:5): expected: #TagLine, #FeatureLine, #Comment, #Empty, got 'And the confirmation message "Thank you for your order!" should be displayed'
(15:5): expected: #TagLine, #FeatureLine, #Comment, #Empty, got 'Examples:'[m
[[1;34mINFO[m] 
[[1;31mERROR[m] [1;31mTests run: 2, Failures: 0, Errors: 2, Skipped: 0[m
[[1;34mINFO[m] 
[[1;34mINFO[m] [1m------------------------------------------------------------------------[m
[[1;34mINFO[m] [1;31mBUILD FAILURE[m
[[1;34mINFO[m] [1m------------------------------------------------------------------------[m
[[1;34mINFO[m] Total time:  5.823 s
[[1;34mINFO[m] Finished at: 2025-11-12T20:07:05-05:00
[[1;34mINFO[m] [1m------------------------------------------------------------------------[m
[[1;31mERROR[m] Failed to execute goal [32morg.apache.maven.plugins:maven-surefire-plugin:3.1.2:test[m [1m(default-test)[m on project [36mserenity-saucedemo-tests[m: [1;31m[m
[[1;31mERROR[m] [1;31m[m
[[1;31mERROR[m] [1;31mPlease refer to /home/javiandriu/Documentos/Cursos/Serenity BDD/SerenityBDD_SaucedemoLab_E2E_Testing/target/surefire-reports for the individual test results.[m
[[1;31mERROR[m] [1;31mPlease refer to dump files (if any exist) [date].dump, [date]-jvmRun[N].dump and [date].dumpstream.[m
[[1;31mERROR[m] -> [1m[Help 1][m
[[1;31mERROR[m] 
[[1;31mERROR[m] To see the full stack trace of the errors, re-run Maven with the [1m-e[m switch.
[[1;31mERROR[m] Re-run Maven using the [1m-X[m switch to enable full debug logging.
[[1;31mERROR[m] 
[[1;31mERROR[m] For more information about the errors and possible solutions, please read the following articles:
[[1;31mERROR[m] [1m[Help 1][m http://cwiki.apache.org/confluence/display/MAVEN/MojoFailureException
